[26/Aug/2021:07:06:42] (I): WordPress Instance Info:
[26/Aug/2021:07:06:42] (I): Home URL : https://thongdao.com
[26/Aug/2021:07:06:42] (I): Site URL : https://thongdao.com
[26/Aug/2021:07:06:42] (I): WordPress Version : 5.8
[26/Aug/2021:07:06:42] (I): Onboarding Version : 1.1.16
[26/Aug/2021:07:06:42] (I): Multisite : No
[26/Aug/2021:07:06:42] (I): Server Info : Apache/2.4.41 (Win64) OpenSSL/1.1.1c PHP/7.4.0
[26/Aug/2021:07:06:42] (I): PHP Version : 7.4.0
[26/Aug/2021:07:06:42] (I): HTTPS : Yes
[26/Aug/2021:07:06:42] (I): PHP Max Execution Time : 120
[26/Aug/2021:07:06:42] (I): PHP Max Input Vars : 2500
[26/Aug/2021:07:06:42] (I): Max Upload Size : 8388608
[26/Aug/2021:07:06:42] (I): Plugins:
[26/Aug/2021:07:06:42] (I): [PLUGIN] Gutenberg Blocks and Template Library by Otter : v1.6.9 (ThemeIsle)
[26/Aug/2021:07:06:42] (I): [PLUGIN] Templates Patterns Collection : v1.1.16 (ThemeIsle)
[26/Aug/2021:07:06:42] (P): Saving remote XML
[26/Aug/2021:07:06:43] (S): Saved remote XML at path C:\wamp64\www\thongdao/wp-content/uploads/themeisle-demo-import.xml.
[26/Aug/2021:07:06:43] (P): Starting content import...
[26/Aug/2021:07:06:43] (S): Import started.
[26/Aug/2021:07:06:43] (S): Parsing XML file.
[26/Aug/2021:07:06:43] (P): Starting parsing file:C:\wamp64\www\thongdao/wp-content/uploads/themeisle-demo-import.xml
[26/Aug/2021:07:06:43] (P): Using WXR_Parser_SimpleXML...
[26/Aug/2021:07:06:43] (S): Parsed XML
[26/Aug/2021:07:06:43] (P): Processing categories...
[26/Aug/2021:07:06:43] (S): Processed categories.
[26/Aug/2021:07:06:43] (P): Processing tags...
[26/Aug/2021:07:06:43] (S): No tags to process.
[26/Aug/2021:07:06:43] (P): Processing terms...
[26/Aug/2021:07:06:43] (W): Failed to import elementor_library_type page
[26/Aug/2021:07:06:43] (E): Invalid taxonomy.
[26/Aug/2021:07:06:43] (W): Failed to import elementor_library_type section
[26/Aug/2021:07:06:43] (E): Invalid taxonomy.
[26/Aug/2021:07:06:43] (S): Processed terms.
[26/Aug/2021:07:06:43] (P): Processing posts...
[26/Aug/2021:07:06:43] (P): Processing single menu item ' Focus '...
[26/Aug/2021:07:06:43] (S): Processed single menu item.
[26/Aug/2021:07:06:43] (P): Processing single menu item ' About '...
[26/Aug/2021:07:06:43] (S): Processed single menu item.
[26/Aug/2021:07:06:43] (P): Processing single menu item ' Team '...
[26/Aug/2021:07:06:43] (S): Processed single menu item.
[26/Aug/2021:07:06:43] (P): Processing single menu item ' Testimonials '...
[26/Aug/2021:07:06:43] (S): Processed single menu item.
[26/Aug/2021:07:06:43] (P): Processing single menu item ' Contact '...
[26/Aug/2021:07:06:43] (S): Processed single menu item.
[26/Aug/2021:07:06:43] (P): Processing attachment: https://s33834.pcdn.co/zelle-gb/wp-content/uploads/sites/449/2019/02/zelle-expert1.jpg...
[26/Aug/2021:07:06:43] (P): Fetching attachment from url: https://s33834.pcdn.co/zelle-gb/wp-content/uploads/sites/449/2019/02/zelle-expert1.jpg...
[26/Aug/2021:07:06:43] (S): Fetched remote attachment.
[26/Aug/2021:07:06:43] (P): Inserting attachment...
[26/Aug/2021:07:06:43] (S): Attachment inserted
[26/Aug/2021:07:06:43] (S): Processed attachment.
[26/Aug/2021:07:06:43] (P): Processing attachment: https://s33834.pcdn.co/zelle-gb/wp-content/uploads/sites/449/2019/02/zelle-expert2.jpg...
[26/Aug/2021:07:06:43] (P): Fetching attachment from url: https://s33834.pcdn.co/zelle-gb/wp-content/uploads/sites/449/2019/02/zelle-expert2.jpg...
[26/Aug/2021:07:06:44] (S): Fetched remote attachment.
[26/Aug/2021:07:06:44] (P): Inserting attachment...
[26/Aug/2021:07:06:44] (S): Attachment inserted
[26/Aug/2021:07:06:44] (S): Processed attachment.
[26/Aug/2021:07:06:44] (P): Processing attachment: https://s33834.pcdn.co/zelle-gb/wp-content/uploads/sites/449/2019/02/zelle-expert3.jpg...
[26/Aug/2021:07:06:44] (P): Fetching attachment from url: https://s33834.pcdn.co/zelle-gb/wp-content/uploads/sites/449/2019/02/zelle-expert3.jpg...
[26/Aug/2021:07:06:44] (S): Fetched remote attachment.
[26/Aug/2021:07:06:44] (P): Inserting attachment...
[26/Aug/2021:07:06:44] (S): Attachment inserted
[26/Aug/2021:07:06:44] (S): Processed attachment.
[26/Aug/2021:07:06:44] (P): Processing attachment: https://s33834.pcdn.co/zelle-gb/wp-content/uploads/sites/449/2019/02/zelle-ny1-1.jpg...
[26/Aug/2021:07:06:44] (P): Fetching attachment from url: https://s33834.pcdn.co/zelle-gb/wp-content/uploads/sites/449/2019/02/zelle-ny1-1.jpg...
[26/Aug/2021:07:06:44] (S): Fetched remote attachment.
[26/Aug/2021:07:06:44] (P): Inserting attachment...
[26/Aug/2021:07:06:44] (S): Attachment inserted
[26/Aug/2021:07:06:44] (S): Processed attachment.
[26/Aug/2021:07:06:44] (P): Processing attachment: https://s33834.pcdn.co/zelle-gb/wp-content/uploads/sites/449/2019/02/zelle-safari1-1.jpg...
[26/Aug/2021:07:06:44] (P): Fetching attachment from url: https://s33834.pcdn.co/zelle-gb/wp-content/uploads/sites/449/2019/02/zelle-safari1-1.jpg...
[26/Aug/2021:07:06:46] (S): Fetched remote attachment.
[26/Aug/2021:07:06:46] (P): Inserting attachment...
[26/Aug/2021:07:06:46] (S): Attachment inserted
[26/Aug/2021:07:06:46] (S): Processed attachment.
[26/Aug/2021:07:06:46] (P): Processing attachment: https://s33834.pcdn.co/zelle-gb/wp-content/uploads/sites/449/2019/02/zelle-camper1-1.jpg...
[26/Aug/2021:07:06:46] (P): Fetching attachment from url: https://s33834.pcdn.co/zelle-gb/wp-content/uploads/sites/449/2019/02/zelle-camper1-1.jpg...
[26/Aug/2021:07:06:46] (S): Fetched remote attachment.
[26/Aug/2021:07:06:46] (P): Inserting attachment...
[26/Aug/2021:07:06:46] (S): Attachment inserted
[26/Aug/2021:07:06:46] (S): Processed attachment.
[26/Aug/2021:07:06:46] (P): Processing attachment: https://s33834.pcdn.co/zelle-gb/wp-content/uploads/sites/449/2019/02/zelle-asia1-1.jpg...
[26/Aug/2021:07:06:46] (P): Fetching attachment from url: https://s33834.pcdn.co/zelle-gb/wp-content/uploads/sites/449/2019/02/zelle-asia1-1.jpg...
[26/Aug/2021:07:06:46] (S): Fetched remote attachment.
[26/Aug/2021:07:06:46] (P): Inserting attachment...
[26/Aug/2021:07:06:46] (S): Attachment inserted
[26/Aug/2021:07:06:46] (S): Processed attachment.
[26/Aug/2021:07:06:46] (P): Processing attachment: https://s33834.pcdn.co/zelle-gb/wp-content/uploads/sites/449/2019/02/zelle-india1-1.jpg...
[26/Aug/2021:07:06:46] (P): Fetching attachment from url: https://s33834.pcdn.co/zelle-gb/wp-content/uploads/sites/449/2019/02/zelle-india1-1.jpg...
[26/Aug/2021:07:06:46] (S): Fetched remote attachment.
[26/Aug/2021:07:06:46] (P): Inserting attachment...
[26/Aug/2021:07:06:46] (S): Attachment inserted
[26/Aug/2021:07:06:46] (S): Processed attachment.
[26/Aug/2021:07:06:46] (P): Processing attachment: https://s33834.pcdn.co/zelle-gb/wp-content/uploads/sites/449/2019/02/zelle-cambodgia1-1.jpg...
[26/Aug/2021:07:06:46] (P): Fetching attachment from url: https://s33834.pcdn.co/zelle-gb/wp-content/uploads/sites/449/2019/02/zelle-cambodgia1-1.jpg...
[26/Aug/2021:07:06:48] (S): Fetched remote attachment.
[26/Aug/2021:07:06:48] (P): Inserting attachment...
[26/Aug/2021:07:06:48] (S): Attachment inserted
[26/Aug/2021:07:06:48] (S): Processed attachment.
[26/Aug/2021:07:06:48] (P): Processing attachment: https://s33834.pcdn.co/zelle-gb/wp-content/uploads/sites/449/2019/03/neve-zelle-hero-image-1.jpg...
[26/Aug/2021:07:06:48] (P): Fetching attachment from url: https://s33834.pcdn.co/zelle-gb/wp-content/uploads/sites/449/2019/03/neve-zelle-hero-image-1.jpg...
[26/Aug/2021:07:06:48] (S): Fetched remote attachment.
[26/Aug/2021:07:06:48] (P): Inserting attachment...
[26/Aug/2021:07:06:48] (S): Attachment inserted
[26/Aug/2021:07:06:48] (S): Processed attachment.
[26/Aug/2021:07:06:48] (P): Inserting page: Home .
[26/Aug/2021:07:06:48] (S): Done inserting page: Home .
[26/Aug/2021:07:06:48] (P): Inserting custom_css: neve .
[26/Aug/2021:07:06:48] (S): Done inserting custom_css: neve .
[26/Aug/2021:07:06:48] (P): Processing attachment: https://s33834.pcdn.co/zelle-gb/wp-content/uploads/sites/449/2020/02/map.png...
[26/Aug/2021:07:06:48] (P): Fetching attachment from url: https://s33834.pcdn.co/zelle-gb/wp-content/uploads/sites/449/2020/02/map.png...
[26/Aug/2021:07:06:48] (S): Fetched remote attachment.
[26/Aug/2021:07:06:48] (P): Inserting attachment...
[26/Aug/2021:07:06:48] (S): Attachment inserted
[26/Aug/2021:07:06:48] (S): Processed attachment.
[26/Aug/2021:07:06:48] (P): Processing attachment: https://s33834.pcdn.co/zelle-gb/wp-content/uploads/sites/449/2020/02/Capture.png...
[26/Aug/2021:07:06:48] (P): Fetching attachment from url: https://s33834.pcdn.co/zelle-gb/wp-content/uploads/sites/449/2020/02/Capture.png...
[26/Aug/2021:07:06:49] (S): Fetched remote attachment.
[26/Aug/2021:07:06:49] (P): Inserting attachment...
[26/Aug/2021:07:06:49] (S): Attachment inserted
[26/Aug/2021:07:06:49] (S): Processed attachment.
[26/Aug/2021:07:06:49] (P): Processing single menu item ' '...
[26/Aug/2021:07:06:49] (P): Inserting wp_block: Heading with text .
[26/Aug/2021:07:06:49] (S): Done inserting wp_block: Heading with text .
[26/Aug/2021:07:06:49] (P): Inserting wp_block: Services .
[26/Aug/2021:07:06:49] (S): Done inserting wp_block: Services .
[26/Aug/2021:07:06:49] (P): Inserting page: Blog .
[26/Aug/2021:07:06:49] (S): Done inserting page: Blog .
[26/Aug/2021:07:06:49] (S): Processed posts.
[26/Aug/2021:07:06:49] (P): Processing single menu item ' '...
[26/Aug/2021:07:06:49] (S): Processed single menu item.
[26/Aug/2021:07:06:49] (P): Cleaning up import with id ...
[26/Aug/2021:07:06:49] (P): Done cleanup. Flushing cache...
[26/Aug/2021:07:06:49] (P): Flushed cache. Removing temporary data..
[26/Aug/2021:07:06:49] (S): Done importing
[26/Aug/2021:07:06:49] (P): Busting elementor cache
[26/Aug/2021:07:06:49] (S): Front page set up with id: 143.
